
{"level":"info","message":"Login attempt for userName:"}
{"level":"info","message":"User found. Comparing passwords..."}
{"level":"error","message":"Server error: invalid credentials","stack":"Error: invalid credentials\n    at loginUser (C:\\Users\\Javier\\Documents\\proyectos\\e-commerce\\back\\controllers\\AuthControllers.js:64:19)\n    at process.processTicksAndRejections (node:internal/process/task_queues:95:5)","statusCode":401}
{"level":"info","message":"Login attempt for userName:"}
{"level":"info","message":"User found. Comparing passwords..."}
{"level":"error","message":"Server error: invalid credentials","stack":"Error: invalid credentials\n    at loginUser (C:\\Users\\Javier\\Documents\\proyectos\\e-commerce\\back\\controllers\\AuthControllers.js:64:19)\n    at process.processTicksAndRejections (node:internal/process/task_queues:95:5)","statusCode":401}
{"level":"info","message":"Login attempt for userName:"}
{"level":"info","message":"User found. Comparing passwords..."}
{"level":"info","message":"Password match. Logging in..."}
{"level":"info","message":"Login attempt for userName:"}
{"level":"info","message":"User found. Comparing passwords..."}
{"level":"info","message":"Password match. Logging in..."}
{"level":"info","message":"Login attempt for userName:"}
{"level":"info","message":"User found. Comparing passwords..."}
{"level":"info","message":"Password match. Logging in..."}
{"level":"info","message":"Login attempt for userName:"}
{"level":"info","message":"User found. Comparing passwords..."}
{"level":"error","message":"Server error: invalid credentials","stack":"Error: invalid credentials\n    at loginUser (C:\\Users\\Javier\\Documents\\proyectos\\e-commerce\\back\\controllers\\AuthControllers.js:64:19)","statusCode":401}
{"level":"info","message":"Login attempt for userName:"}
{"level":"info","message":"User found. Comparing passwords..."}
{"level":"info","message":"Password match. Logging in..."}
{"level":"info","message":"Login attempt for userName:"}
{"level":"info","message":"User found. Comparing passwords..."}
{"level":"info","message":"Password match. Logging in..."}
{"level":"info","message":"Login attempt for userName:"}
{"level":"info","message":"User found. Comparing passwords..."}
{"level":"info","message":"Password match. Logging in..."}
{"level":"info","message":"Login attempt for userName:"}
{"level":"info","message":"User found. Comparing passwords..."}
{"level":"info","message":"Password match. Logging in..."}
{"level":"info","message":"Login attempt for userName:"}
{"level":"info","message":"User found. Comparing passwords..."}
{"level":"info","message":"Password match. Logging in..."}
{"level":"info","message":"Login attempt for userName:"}
{"level":"info","message":"User found. Comparing passwords..."}
{"level":"info","message":"Password match. Logging in..."}
{"level":"info","message":"Login attempt for userName:"}
{"level":"info","message":"User found. Comparing passwords..."}
{"level":"info","message":"Password match. Logging in..."}
{"level":"info","message":"Login attempt for userName:"}
{"level":"info","message":"User found. Comparing passwords..."}
{"level":"info","message":"Login attempt for userName:"}
{"level":"info","message":"Password match. Logging in..."}
{"level":"info","message":"User found. Comparing passwords..."}
{"level":"info","message":"Password match. Logging in..."}
{"level":"info","message":"Login attempt for userName:"}
{"level":"info","message":"User found. Comparing passwords..."}
{"level":"info","message":"Password match. Logging in..."}
{"level":"info","message":"Login attempt for userName:"}
{"level":"info","message":"User found. Comparing passwords..."}
{"level":"info","message":"Password match. Logging in..."}
{"level":"info","message":"Login attempt for userName:"}
{"level":"info","message":"User found. Comparing passwords..."}
{"level":"info","message":"Password match. Logging in..."}
{"level":"info","message":"Login attempt for userName:"}
{"level":"info","message":"User found. Comparing passwords..."}
{"level":"info","message":"Password match. Logging in..."}
{"level":"info","message":"Login attempt for userName:"}
{"level":"info","message":"User found. Comparing passwords..."}
{"level":"error","message":"Server error: invalid credentials","stack":"Error: invalid credentials\n    at loginUser (C:\\Users\\Javier\\Documents\\proyectos\\e-commerce\\back\\controllers\\AuthControllers.js:64:19)","statusCode":401}
{"level":"info","message":"Login attempt for userName:"}
{"level":"info","message":"User found. Comparing passwords..."}
{"level":"error","message":"Server error: invalid credentials","stack":"Error: invalid credentials\n    at loginUser (C:\\Users\\Javier\\Documents\\proyectos\\e-commerce\\back\\controllers\\AuthControllers.js:64:19)","statusCode":401}
{"level":"info","message":"Login attempt for userName:"}
{"level":"info","message":"User found. Comparing passwords..."}
{"level":"error","message":"Server error: invalid credentials","stack":"Error: invalid credentials\n    at loginUser (C:\\Users\\Javier\\Documents\\proyectos\\e-commerce\\back\\controllers\\AuthControllers.js:64:19)","statusCode":401}
{"level":"info","message":"Login attempt for userName:"}
{"level":"info","message":"User found. Comparing passwords..."}
{"level":"error","message":"Server error: invalid credentials","stack":"Error: invalid credentials\n    at loginUser (C:\\Users\\Javier\\Documents\\proyectos\\e-commerce\\back\\controllers\\AuthControllers.js:64:19)","statusCode":401}
{"level":"info","message":"Login attempt for userName:"}
{"level":"info","message":"User found. Comparing passwords..."}
{"level":"error","message":"Server error: invalid credentials","stack":"Error: invalid credentials\n    at loginUser (C:\\Users\\Javier\\Documents\\proyectos\\e-commerce\\back\\controllers\\AuthControllers.js:64:19)","statusCode":401}
{"level":"info","message":"Login attempt for userName:"}
{"level":"info","message":"User found. Comparing passwords..."}
{"level":"error","message":"Server error: invalid credentials","stack":"Error: invalid credentials\n    at loginUser (C:\\Users\\Javier\\Documents\\proyectos\\e-commerce\\back\\controllers\\AuthControllers.js:64:19)","statusCode":401}
{"level":"info","message":"Login attempt for userName:"}
{"level":"info","message":"User found. Comparing passwords..."}
{"level":"error","message":"Server error: invalid credentials","stack":"Error: invalid credentials\n    at loginUser (C:\\Users\\Javier\\Documents\\proyectos\\e-commerce\\back\\controllers\\AuthControllers.js:64:19)","statusCode":401}
{"level":"info","message":"Login attempt for userName:"}
{"level":"info","message":"User found. Comparing passwords..."}
{"level":"error","message":"Server error: invalid credentials","stack":"Error: invalid credentials\n    at loginUser (C:\\Users\\Javier\\Documents\\proyectos\\e-commerce\\back\\controllers\\AuthControllers.js:64:19)","statusCode":401}
{"level":"info","message":"Login attempt for userName:"}
{"level":"info","message":"User found. Comparing passwords..."}
{"level":"error","message":"Server error: invalid credentials","stack":"Error: invalid credentials\n    at loginUser (C:\\Users\\Javier\\Documents\\proyectos\\e-commerce\\back\\controllers\\AuthControllers.js:64:19)","statusCode":401}
{"level":"info","message":"Login attempt for userName:"}
{"level":"info","message":"User found. Comparing passwords..."}
{"level":"error","message":"Server error: invalid credentials","stack":"Error: invalid credentials\n    at loginUser (C:\\Users\\Javier\\Documents\\proyectos\\e-commerce\\back\\controllers\\AuthControllers.js:64:19)","statusCode":401}
{"level":"info","message":"Login attempt for userName:"}
{"level":"info","message":"User found. Comparing passwords..."}
{"level":"error","message":"Server error: invalid credentials","stack":"Error: invalid credentials\n    at loginUser (C:\\Users\\Javier\\Documents\\proyectos\\e-commerce\\back\\controllers\\AuthControllers.js:64:19)","statusCode":401}
{"level":"info","message":"Login attempt for userName:"}
{"level":"info","message":"User found. Comparing passwords..."}
{"level":"error","message":"Server error: invalid credentials","stack":"Error: invalid credentials\n    at loginUser (C:\\Users\\Javier\\Documents\\proyectos\\e-commerce\\back\\controllers\\AuthControllers.js:64:19)","statusCode":401}
{"level":"info","message":"Login attempt for userName:"}
{"level":"info","message":"User found. Comparing passwords..."}
{"level":"error","message":"Server error: invalid credentials","stack":"Error: invalid credentials\n    at loginUser (C:\\Users\\Javier\\Documents\\proyectos\\e-commerce\\back\\controllers\\AuthControllers.js:64:19)","statusCode":401}
{"level":"info","message":"Login attempt for userName:"}
{"level":"info","message":"User found. Comparing passwords..."}
{"level":"info","message":"Login attempt for userName:"}
{"level":"info","message":"User found. Comparing passwords..."}
{"level":"error","message":"Server error: invalid credentials","stack":"Error: invalid credentials\n    at loginUser (C:\\Users\\Javier\\Documents\\proyectos\\e-commerce\\back\\controllers\\AuthControllers.js:64:19)","statusCode":401}
{"level":"error","message":"Server error: invalid credentials","stack":"Error: invalid credentials\n    at loginUser (C:\\Users\\Javier\\Documents\\proyectos\\e-commerce\\back\\controllers\\AuthControllers.js:64:19)","statusCode":401}
{"level":"info","message":"Login attempt for userName:"}
{"level":"info","message":"User found. Comparing passwords..."}
{"level":"info","message":"Password match. Logging in..."}
{"level":"info","message":"Login attempt for userName:"}
{"level":"info","message":"User found. Comparing passwords..."}
{"level":"info","message":"Password match. Logging in..."}
{"level":"info","message":"Login attempt for userName:"}
{"level":"info","message":"User found. Comparing passwords..."}
{"level":"info","message":"Password match. Logging in..."}
{"level":"info","message":"Login attempt for userName:"}
{"level":"info","message":"User found. Comparing passwords..."}
{"level":"info","message":"Password match. Logging in..."}
{"level":"info","message":"Login attempt for userName:"}
{"level":"info","message":"User found. Comparing passwords..."}
{"level":"info","message":"Password match. Logging in..."}
{"level":"info","message":"Login attempt for userName:"}
{"level":"info","message":"User found. Comparing passwords..."}
{"level":"info","message":"Password match. Logging in..."}
{"level":"info","message":"Login attempt for userName:"}
{"level":"info","message":"User found. Comparing passwords..."}
{"level":"info","message":"Password match. Logging in..."}
{"level":"info","message":"Login attempt for userName:"}
{"level":"info","message":"User found. Comparing passwords..."}
{"level":"info","message":"Password match. Logging in..."}
{"level":"info","message":"Login attempt for userName:"}
{"level":"info","message":"User found. Comparing passwords..."}
{"level":"info","message":"Password match. Logging in..."}
{"level":"info","message":"Login attempt for userName:"}
{"level":"info","message":"User found. Comparing passwords..."}
{"level":"info","message":"Login attempt for userName:"}
{"level":"info","message":"User found. Comparing passwords..."}
{"level":"info","message":"Password match. Logging in..."}
{"level":"info","message":"Password match. Logging in..."}
{"level":"info","message":"Login attempt for userName:"}
{"level":"info","message":"User found. Comparing passwords..."}
{"level":"info","message":"Password match. Logging in..."}
{"level":"info","message":"Login attempt for userName:"}
{"level":"info","message":"User found. Comparing passwords..."}
{"level":"info","message":"Login attempt for userName:"}
{"level":"info","message":"Password match. Logging in..."}
{"level":"info","message":"User found. Comparing passwords..."}
{"level":"info","message":"Password match. Logging in..."}
{"level":"info","message":"Login attempt for userName:"}
{"level":"info","message":"User found. Comparing passwords..."}
{"level":"info","message":"Password match. Logging in..."}
{"level":"info","message":"Login attempt for userName:"}
{"level":"info","message":"User found. Comparing passwords..."}
{"level":"info","message":"Password match. Logging in..."}
{"level":"info","message":"Login attempt for userName:"}
{"level":"info","message":"User found. Comparing passwords..."}
{"level":"info","message":"Login attempt for userName:"}
{"level":"info","message":"User found. Comparing passwords..."}
{"level":"info","message":"Password match. Logging in..."}
{"level":"info","message":"Login attempt for userName:"}
{"level":"info","message":"User found. Comparing passwords..."}
{"level":"info","message":"Password match. Logging in..."}
{"level":"info","message":"Password match. Logging in..."}
{"level":"info","message":"Login attempt for userName:"}
{"level":"info","message":"User found. Comparing passwords..."}
{"level":"info","message":"Password match. Logging in..."}
{"level":"info","message":"Login attempt for userName:"}
{"level":"info","message":"User found. Comparing passwords..."}
{"level":"info","message":"Password match. Logging in..."}
{"level":"info","message":"Login attempt for userName:"}
{"level":"info","message":"User found. Comparing passwords..."}
{"level":"info","message":"Password match. Logging in..."}
{"level":"info","message":"Login attempt for userName:"}
{"level":"info","message":"User found. Comparing passwords..."}
{"level":"info","message":"Password match. Logging in..."}
{"level":"info","message":"Login attempt for userName:"}
{"level":"info","message":"User found. Comparing passwords..."}
{"level":"error","message":"Server error: invalid credentials","stack":"Error: invalid credentials\n    at loginUser (C:\\Users\\Javier\\Documents\\proyectos\\e-commerce\\back\\controllers\\AuthControllers.js:66:19)","statusCode":401}
{"level":"info","message":"Login attempt for userName:"}
{"level":"info","message":"User found. Comparing passwords..."}
{"level":"info","message":"Password match. Logging in..."}
{"level":"info","message":"Login attempt for userName:"}
{"level":"info","message":"User found. Comparing passwords..."}
{"level":"info","message":"Password match. Logging in..."}
{"level":"info","message":"Login attempt for userName:"}
{"level":"info","message":"User found. Comparing passwords..."}
{"level":"info","message":"Password match. Logging in..."}
{"level":"info","message":"Login attempt for userName:"}
{"level":"info","message":"User found. Comparing passwords..."}
{"level":"info","message":"Password match. Logging in..."}
{"level":"info","message":"Login attempt for userName:"}
{"level":"info","message":"User found. Comparing passwords..."}
{"level":"info","message":"Password match. Logging in..."}
{"level":"info","message":"Login attempt for userName:"}
{"level":"info","message":"User found. Comparing passwords..."}
{"level":"info","message":"Password match. Logging in..."}
{"level":"info","message":"Login attempt for userName:"}
{"level":"info","message":"User found. Comparing passwords..."}
{"level":"info","message":"Password match. Logging in..."}
{"level":"info","message":"Login attempt for userName:"}
{"level":"info","message":"User found. Comparing passwords..."}
{"level":"info","message":"Password match. Logging in..."}
{"level":"info","message":"Login attempt for userName:"}
{"level":"info","message":"User found. Comparing passwords..."}
{"level":"info","message":"Password match. Logging in..."}
{"level":"info","message":"Login attempt for userName:"}
{"level":"info","message":"User found. Comparing passwords..."}
{"level":"info","message":"Password match. Logging in..."}
{"level":"info","message":"Login attempt for userName:"}
{"level":"info","message":"User found. Comparing passwords..."}
{"level":"info","message":"Password match. Logging in..."}
{"level":"info","message":"Login attempt for userName:"}
{"level":"info","message":"User found. Comparing passwords..."}
{"level":"info","message":"Password match. Logging in..."}
{"level":"info","message":"Login attempt for userName:"}
{"level":"info","message":"User found. Comparing passwords..."}
{"level":"info","message":"Password match. Logging in..."}
{"level":"info","message":"Login attempt for userName:"}
{"level":"info","message":"User found. Comparing passwords..."}
{"level":"info","message":"Password match. Logging in..."}
{"level":"info","message":"Login attempt for userName:"}
{"level":"info","message":"User found. Comparing passwords..."}
{"level":"info","message":"Password match. Logging in..."}
{"level":"info","message":"Login attempt for userName:"}
{"level":"info","message":"User found. Comparing passwords..."}
{"level":"info","message":"Password match. Logging in..."}
{"level":"info","message":"Login attempt for userName:"}
{"level":"info","message":"User found. Comparing passwords..."}
{"level":"info","message":"Password match. Logging in..."}
{"level":"info","message":"Login attempt for userName:"}
{"level":"info","message":"User found. Comparing passwords..."}
{"level":"info","message":"Password match. Logging in..."}
{"level":"info","message":"Login attempt for userName:"}
{"level":"info","message":"User found. Comparing passwords..."}
{"level":"error","message":"Server error: invalid credentials","stack":"Error: invalid credentials\n    at loginUser (C:\\Users\\Javier\\Documents\\proyectos\\e-commerce\\back\\controllers\\AuthControllers.js:105:19)","statusCode":401}
{"level":"info","message":"Login attempt for userName:"}
{"level":"info","message":"User found. Comparing passwords..."}
{"level":"error","message":"Server error: invalid credentials","stack":"Error: invalid credentials\n    at loginUser (C:\\Users\\Javier\\Documents\\proyectos\\e-commerce\\back\\controllers\\AuthControllers.js:105:19)","statusCode":401}
{"level":"info","message":"Login attempt for userName:"}
{"level":"info","message":"User found. Comparing passwords..."}
{"level":"error","message":"Server error: invalid credentials","stack":"Error: invalid credentials\n    at loginUser (C:\\Users\\Javier\\Documents\\proyectos\\e-commerce\\back\\controllers\\AuthControllers.js:105:19)","statusCode":401}
{"level":"info","message":"Login attempt for userName:"}
{"level":"info","message":"User found. Comparing passwords..."}
{"level":"info","message":"Login attempt for userName:"}
{"level":"info","message":"User found. Comparing passwords..."}
{"level":"info","message":"Login attempt for userName:"}
{"level":"info","message":"User found. Comparing passwords..."}
{"level":"info","message":"Password match. Logging in..."}
{"level":"info","message":"Login attempt for userName:"}
{"level":"info","message":"User found. Comparing passwords..."}
{"level":"info","message":"Password match. Logging in..."}
{"level":"error","message":"Server error: res.status(...).sent is not a function","stack":"TypeError: res.status(...).sent is not a function\n    at loginUser (C:\\Users\\Javier\\Documents\\proyectos\\e-commerce\\back\\controllers\\AuthControllers.js:99:29)"}
{"level":"info","message":"Login attempt for userName:"}
{"level":"info","message":"User found. Comparing passwords..."}
{"level":"info","message":"Password match. Logging in..."}
{"level":"error","message":"Server error: res.status(...).sent is not a function","stack":"TypeError: res.status(...).sent is not a function\n    at loginUser (C:\\Users\\Javier\\Documents\\proyectos\\e-commerce\\back\\controllers\\AuthControllers.js:99:29)"}
{"level":"info","message":"Login attempt for userName:"}
{"level":"info","message":"User found. Comparing passwords..."}
{"level":"info","message":"Password match. Logging in..."}
{"level":"error","message":"Server error: res.status(...).sent is not a function","stack":"TypeError: res.status(...).sent is not a function\n    at loginUser (C:\\Users\\Javier\\Documents\\proyectos\\e-commerce\\back\\controllers\\AuthControllers.js:99:29)"}
{"level":"info","message":"Login attempt for userName:"}
{"level":"info","message":"User found. Comparing passwords..."}
{"level":"info","message":"Password match. Logging in..."}
{"level":"info","message":"Login attempt for userName:"}
{"level":"info","message":"User found. Comparing passwords..."}
{"level":"info","message":"Password match. Logging in..."}
{"level":"info","message":"Login attempt for userName:"}
{"level":"info","message":"User found. Comparing passwords..."}
{"level":"info","message":"Password match. Logging in..."}
{"level":"info","message":"Login attempt for userName:"}
{"level":"info","message":"User found. Comparing passwords..."}
{"level":"info","message":"Password match. Logging in..."}
{"level":"error","message":"Server error: res.status(...).sent is not a function","stack":"TypeError: res.status(...).sent is not a function\n    at loginUser (C:\\Users\\Javier\\Documents\\proyectos\\e-commerce\\back\\controllers\\AuthControllers.js:99:29)"}
{"level":"info","message":"Login attempt for userName:"}
{"level":"info","message":"User found. Comparing passwords..."}
{"level":"info","message":"Password match. Logging in..."}
{"level":"error","message":"Server error: res.status(...).sent is not a function","stack":"TypeError: res.status(...).sent is not a function\n    at loginUser (C:\\Users\\Javier\\Documents\\proyectos\\e-commerce\\back\\controllers\\AuthControllers.js:99:29)"}
{"level":"info","message":"Login attempt for userName:"}
{"level":"info","message":"User found. Comparing passwords..."}
{"level":"info","message":"Password match. Logging in..."}
{"level":"error","message":"Server error: res.status(...).sent is not a function","stack":"TypeError: res.status(...).sent is not a function\n    at loginUser (C:\\Users\\Javier\\Documents\\proyectos\\e-commerce\\back\\controllers\\AuthControllers.js:99:29)"}
{"level":"info","message":"Login attempt for userName:"}
{"level":"info","message":"User found. Comparing passwords..."}
{"level":"info","message":"Password match. Logging in..."}
{"level":"error","message":"Server error: res.status(...).sent is not a function","stack":"TypeError: res.status(...).sent is not a function\n    at loginUser (C:\\Users\\Javier\\Documents\\proyectos\\e-commerce\\back\\controllers\\AuthControllers.js:99:29)"}
{"level":"info","message":"Login attempt for userName:"}
{"level":"info","message":"User found. Comparing passwords..."}
{"level":"info","message":"Password match. Logging in..."}
{"level":"info","message":"Login attempt for userName:"}
{"level":"info","message":"User found. Comparing passwords..."}
{"level":"info","message":"Password match. Logging in..."}
{"level":"error","message":"Server error: res.status(...).sent is not a function","stack":"TypeError: res.status(...).sent is not a function\n    at loginUser (C:\\Users\\Javier\\Documents\\proyectos\\e-commerce\\back\\controllers\\AuthControllers.js:99:29)"}
{"level":"info","message":"Login attempt for userName:"}
{"level":"info","message":"User found. Comparing passwords..."}
{"level":"info","message":"Password match. Logging in..."}
{"level":"error","message":"Server error: res.status(...).sent is not a function","stack":"TypeError: res.status(...).sent is not a function\n    at loginUser (C:\\Users\\Javier\\Documents\\proyectos\\e-commerce\\back\\controllers\\AuthControllers.js:99:29)"}
{"level":"info","message":"Login attempt for userName:"}
{"level":"info","message":"User found. Comparing passwords..."}
{"level":"info","message":"Password match. Logging in..."}
{"level":"error","message":"Server error: res.status(...).sent is not a function","stack":"TypeError: res.status(...).sent is not a function\n    at loginUser (C:\\Users\\Javier\\Documents\\proyectos\\e-commerce\\back\\controllers\\AuthControllers.js:99:29)"}
{"level":"info","message":"Login attempt for userName:"}
{"level":"info","message":"User found. Comparing passwords..."}
{"level":"info","message":"Password match. Logging in..."}
{"level":"error","message":"Server error: res.status(...).sent is not a function","stack":"TypeError: res.status(...).sent is not a function\n    at loginUser (C:\\Users\\Javier\\Documents\\proyectos\\e-commerce\\back\\controllers\\AuthControllers.js:99:29)"}
{"level":"info","message":"Login attempt for userName:"}
{"level":"info","message":"User found. Comparing passwords..."}
{"level":"info","message":"Password match. Logging in..."}
{"level":"error","message":"Server error: res.status(...).sent is not a function","stack":"TypeError: res.status(...).sent is not a function\n    at loginUser (C:\\Users\\Javier\\Documents\\proyectos\\e-commerce\\back\\controllers\\AuthControllers.js:99:29)"}
{"level":"info","message":"Login attempt for userName:"}
{"level":"info","message":"User found. Comparing passwords..."}
{"level":"info","message":"Password match. Logging in..."}
{"level":"error","message":"Server error: res.status(...).sent is not a function","stack":"TypeError: res.status(...).sent is not a function\n    at loginUser (C:\\Users\\Javier\\Documents\\proyectos\\e-commerce\\back\\controllers\\AuthControllers.js:99:29)"}
{"level":"info","message":"Login attempt for userName:"}
{"level":"info","message":"User found. Comparing passwords..."}
{"level":"info","message":"Password match. Logging in..."}
{"level":"info","message":"Login attempt for userName:"}
{"level":"info","message":"User found. Comparing passwords..."}
{"level":"info","message":"Password match. Logging in..."}
{"level":"error","message":"Server error: res.status(...).sent is not a function","stack":"TypeError: res.status(...).sent is not a function\n    at loginUser (C:\\Users\\Javier\\Documents\\proyectos\\e-commerce\\back\\controllers\\AuthControllers.js:97:29)"}
{"level":"info","message":"Login attempt for userName:"}
{"level":"info","message":"User found. Comparing passwords..."}
{"level":"info","message":"Password match. Logging in..."}
{"level":"error","message":"Server error: res.status(...).sent is not a function","stack":"TypeError: res.status(...).sent is not a function\n    at loginUser (C:\\Users\\Javier\\Documents\\proyectos\\e-commerce\\back\\controllers\\AuthControllers.js:97:29)"}
{"level":"info","message":"Login attempt for userName:"}
{"level":"info","message":"User found. Comparing passwords..."}
{"level":"info","message":"Password match. Logging in..."}
{"level":"error","message":"Server error: res.status(...).sent is not a function","stack":"TypeError: res.status(...).sent is not a function\n    at loginUser (C:\\Users\\Javier\\Documents\\proyectos\\e-commerce\\back\\controllers\\AuthControllers.js:99:29)"}
{"level":"info","message":"Login attempt for userName:"}
{"level":"info","message":"User found. Comparing passwords..."}
{"level":"info","message":"Password match. Logging in..."}
{"level":"error","message":"Server error: res.status(...).sent is not a function","stack":"TypeError: res.status(...).sent is not a function\n    at loginUser (C:\\Users\\Javier\\Documents\\proyectos\\e-commerce\\back\\controllers\\AuthControllers.js:99:29)"}
{"level":"info","message":"Login attempt for userName:"}
{"level":"info","message":"User found. Comparing passwords..."}
{"level":"info","message":"Password match. Logging in..."}
{"level":"error","message":"Server error: res.status(...).sent is not a function","stack":"TypeError: res.status(...).sent is not a function\n    at loginUser (C:\\Users\\Javier\\Documents\\proyectos\\e-commerce\\back\\controllers\\AuthControllers.js:99:29)"}
{"level":"info","message":"Login attempt for userName:"}
{"level":"info","message":"User found. Comparing passwords..."}
{"level":"info","message":"Password match. Logging in..."}
{"level":"info","message":"Login attempt for userName:"}
{"level":"info","message":"User found. Comparing passwords..."}
{"level":"info","message":"Password match. Logging in..."}
{"level":"info","message":"Login attempt for userName:"}
{"level":"info","message":"User found. Comparing passwords..."}
{"level":"info","message":"Password match. Logging in..."}
{"level":"info","message":"Login attempt for userName:"}
{"level":"info","message":"User found. Comparing passwords..."}
{"level":"info","message":"Password match. Logging in..."}
{"level":"info","message":"Login attempt for userName:"}
{"level":"info","message":"User found. Comparing passwords..."}
{"level":"info","message":"Password match. Logging in..."}
{"level":"info","message":"Login attempt for userName:"}
{"level":"info","message":"User found. Comparing passwords..."}
{"level":"info","message":"Password match. Logging in..."}
{"level":"info","message":"Login attempt for userName:"}
{"level":"info","message":"User found. Comparing passwords..."}
{"level":"info","message":"Password match. Logging in..."}
{"level":"info","message":"Login attempt for userName:"}
{"level":"info","message":"User found. Comparing passwords..."}
{"level":"info","message":"Password match. Logging in..."}
{"level":"info","message":"Login attempt for userName:"}
{"level":"info","message":"User found. Comparing passwords..."}
{"level":"info","message":"Password match. Logging in..."}
{"level":"info","message":"Login attempt for userName:"}
{"level":"info","message":"User found. Comparing passwords..."}
{"level":"info","message":"Password match. Logging in..."}
{"level":"info","message":"Login attempt for userName:"}
{"level":"info","message":"User found. Comparing passwords..."}
{"level":"info","message":"Password match. Logging in..."}
{"level":"info","message":"Login attempt for userName:"}
{"level":"info","message":"User found. Comparing passwords..."}
{"level":"info","message":"Password match. Logging in..."}
{"level":"info","message":"Login attempt for userName:"}
{"level":"info","message":"User found. Comparing passwords..."}
{"level":"info","message":"Password match. Logging in..."}
{"level":"info","message":"Login attempt for userName:"}
{"level":"info","message":"User found. Comparing passwords..."}
{"level":"info","message":"Password match. Logging in..."}
{"level":"info","message":"Login attempt for userName:"}
{"level":"info","message":"User found. Comparing passwords..."}
{"level":"info","message":"Password match. Logging in..."}
{"level":"info","message":"Login attempt for userName:"}
{"level":"info","message":"User found. Comparing passwords..."}
{"level":"info","message":"Password match. Logging in..."}
{"level":"info","message":"Login attempt for userName:"}
{"level":"info","message":"User found. Comparing passwords..."}
{"level":"info","message":"Password match. Logging in..."}
{"level":"info","message":"Login attempt for userName:"}
{"level":"info","message":"User found. Comparing passwords..."}
{"level":"info","message":"Password match. Logging in..."}
{"level":"info","message":"Login attempt for userName:"}
{"level":"info","message":"User found. Comparing passwords..."}
{"level":"info","message":"Password match. Logging in..."}
{"level":"info","message":"Login attempt for userName:"}
{"level":"info","message":"User found. Comparing passwords..."}
{"level":"info","message":"Password match. Logging in..."}
{"level":"info","message":"Login attempt for userName:"}
{"level":"error","message":"Server error: invalid credentials","stack":"Error: invalid credentials\n    at loginUser (C:\\Users\\Javier\\Documents\\proyectos\\e-commerce\\back\\controllers\\AuthControllers.js:32:19)\n    at process.processTicksAndRejections (node:internal/process/task_queues:95:5)","statusCode":401}
{"level":"info","message":"Login attempt for userName:"}
{"level":"error","message":"Server error: invalid credentials","stack":"Error: invalid credentials\n    at loginUser (C:\\Users\\Javier\\Documents\\proyectos\\e-commerce\\back\\controllers\\AuthControllers.js:32:19)\n    at process.processTicksAndRejections (node:internal/process/task_queues:95:5)","statusCode":401}
{"level":"info","message":"Login attempt for userName:"}
{"level":"error","message":"Server error: invalid credentials","stack":"Error: invalid credentials\n    at loginUser (C:\\Users\\Javier\\Documents\\proyectos\\e-commerce\\back\\controllers\\AuthControllers.js:32:19)\n    at process.processTicksAndRejections (node:internal/process/task_queues:95:5)","statusCode":401}
{"level":"info","message":"Login attempt for userName:"}
{"level":"error","message":"Server error: invalid credentials","stack":"Error: invalid credentials\n    at loginUser (C:\\Users\\Javier\\Documents\\proyectos\\e-commerce\\back\\controllers\\AuthControllers.js:32:19)\n    at process.processTicksAndRejections (node:internal/process/task_queues:95:5)","statusCode":401}
{"level":"info","message":"Login attempt for userName:"}
{"level":"error","message":"Server error: invalid credentials","stack":"Error: invalid credentials\n    at loginUser (C:\\Users\\Javier\\Documents\\proyectos\\e-commerce\\back\\controllers\\AuthControllers.js:32:19)\n    at process.processTicksAndRejections (node:internal/process/task_queues:95:5)","statusCode":401}
{"level":"info","message":"Login attempt for userName:"}
{"level":"error","message":"Server error: invalid credentials","stack":"Error: invalid credentials\n    at loginUser (C:\\Users\\Javier\\Documents\\proyectos\\e-commerce\\back\\controllers\\AuthControllers.js:32:19)\n    at process.processTicksAndRejections (node:internal/process/task_queues:95:5)","statusCode":401}
{"level":"info","message":"Login attempt for userName:"}
{"level":"info","message":"User found. Comparing passwords..."}
{"level":"info","message":"Password match. Logging in..."}
{"level":"error","message":"controller error: MasterAdmin already exists. Initial setup already completed.","stack":"Error: MasterAdmin already exists. Initial setup already completed.\n    at createMasterAdmin (C:\\Users\\Javier\\Documents\\proyectos\\e-commerce\\back\\controllers\\InitialConfigController.js:34:19)\n    at process.processTicksAndRejections (node:internal/process/task_queues:95:5)","statusCode":400}
{"level":"info","message":"Login attempt for userName:"}
{"level":"info","message":"User found. Comparing passwords..."}
{"level":"info","message":"Password match. Logging in..."}
{"level":"info","message":"Login attempt for userName:"}
{"level":"info","message":"User found. Comparing passwords..."}
{"level":"info","message":"Password match. Logging in..."}
{"level":"info","message":"Login attempt for userName:"}
{"level":"info","message":"User found. Comparing passwords..."}
{"level":"info","message":"Password match. Logging in..."}
{"level":"info","message":"Login attempt for userName:"}
{"level":"info","message":"User found. Comparing passwords..."}
{"level":"info","message":"Password match. Logging in..."}
{"level":"info","message":"Login attempt for userName:"}
{"level":"error","message":"Server error: invalid credentials","stack":"Error: invalid credentials\n    at loginUser (C:\\Users\\Javier\\Documents\\proyectos\\e-commerce\\back\\controllers\\AuthControllers.js:32:19)\n    at process.processTicksAndRejections (node:internal/process/task_queues:95:5)","statusCode":401}
{"level":"info","message":"Login attempt for userName:"}
{"level":"info","message":"User found. Comparing passwords..."}
{"level":"info","message":"Password match. Logging in..."}
{"level":"info","message":"Login attempt for userName:"}
{"level":"error","message":"Server error: invalid credentials","stack":"Error: invalid credentials\n    at loginUser (C:\\Users\\Javier\\Documents\\proyectos\\e-commerce\\back\\controllers\\AuthControllers.js:32:19)\n    at process.processTicksAndRejections (node:internal/process/task_queues:95:5)","statusCode":401}
{"level":"error","message":"controller error: Un MasterAdministrator ya está registrado.","stack":"Error: Un MasterAdministrator ya está registrado.\n    at createMasterAdmin (C:\\Users\\Javier\\Documents\\proyectos\\e-commerce\\back\\controllers\\InitialConfigController.js:101:19)\n    at process.processTicksAndRejections (node:internal/process/task_queues:95:5)","statusCode":400}
{"level":"error","message":"controller error: newAdmin.generateActivationToken is not a function","stack":"TypeError: newAdmin.generateActivationToken is not a function\n    at createMasterAdmin (C:\\Users\\Javier\\Documents\\proyectos\\e-commerce\\back\\controllers\\InitialConfigController.js:105:32)\n    at process.processTicksAndRejections (node:internal/process/task_queues:95:5)"}
{"_message":"user validation failed","errors":{"countryAddress":{"kind":"required","message":"Path `countryAddress` is required.","name":"ValidatorError","path":"countryAddress","properties":{"message":"Path `countryAddress` is required.","path":"countryAddress","type":"required"}},"firstName":{"kind":"required","message":"Path `firstName` is required.","name":"ValidatorError","path":"firstName","properties":{"message":"Path `firstName` is required.","path":"firstName","type":"required"}},"lastName":{"kind":"required","message":"Path `lastName` is required.","name":"ValidatorError","path":"lastName","properties":{"message":"Path `lastName` is required.","path":"lastName","type":"required"}},"password":{"kind":"required","message":"Path `password` is required.","name":"ValidatorError","path":"password","properties":{"message":"Path `password` is required.","path":"password","type":"required"}},"stateAddress":{"kind":"required","message":"Path `stateAddress` is required.","name":"ValidatorError","path":"stateAddress","properties":{"message":"Path `stateAddress` is required.","path":"stateAddress","type":"required"}},"userName":{"kind":"required","message":"Path `userName` is required.","name":"ValidatorError","path":"userName","properties":{"message":"Path `userName` is required.","path":"userName","type":"required"}}},"level":"error","message":"controller error: user validation failed: password: Path `password` is required., stateAddress: Path `stateAddress` is required., countryAddress: Path `countryAddress` is required., lastName: Path `lastName` is required., firstName: Path `firstName` is required., userName: Path `userName` is required.","stack":"ValidationError: user validation failed: password: Path `password` is required., stateAddress: Path `stateAddress` is required., countryAddress: Path `countryAddress` is required., lastName: Path `lastName` is required., firstName: Path `firstName` is required., userName: Path `userName` is required.\n    at Document.invalidate (C:\\Users\\Javier\\Documents\\proyectos\\e-commerce\\back\\node_modules\\mongoose\\lib\\document.js:3187:32)\n    at C:\\Users\\Javier\\Documents\\proyectos\\e-commerce\\back\\node_modules\\mongoose\\lib\\document.js:2980:17\n    at C:\\Users\\Javier\\Documents\\proyectos\\e-commerce\\back\\node_modules\\mongoose\\lib\\schemaType.js:1368:9\n    at process.processTicksAndRejections (node:internal/process/task_queues:77:11)"}
{"_message":"user validation failed","errors":{"countryAddress":{"kind":"required","message":"Path `countryAddress` is required.","name":"ValidatorError","path":"countryAddress","properties":{"message":"Path `countryAddress` is required.","path":"countryAddress","type":"required"}},"firstName":{"kind":"required","message":"Path `firstName` is required.","name":"ValidatorError","path":"firstName","properties":{"message":"Path `firstName` is required.","path":"firstName","type":"required"}},"lastName":{"kind":"required","message":"Path `lastName` is required.","name":"ValidatorError","path":"lastName","properties":{"message":"Path `lastName` is required.","path":"lastName","type":"required"}},"password":{"kind":"required","message":"Path `password` is required.","name":"ValidatorError","path":"password","properties":{"message":"Path `password` is required.","path":"password","type":"required"}},"stateAddress":{"kind":"required","message":"Path `stateAddress` is required.","name":"ValidatorError","path":"stateAddress","properties":{"message":"Path `stateAddress` is required.","path":"stateAddress","type":"required"}},"userName":{"kind":"required","message":"Path `userName` is required.","name":"ValidatorError","path":"userName","properties":{"message":"Path `userName` is required.","path":"userName","type":"required"}}},"level":"error","message":"controller error: user validation failed: password: Path `password` is required., stateAddress: Path `stateAddress` is required., countryAddress: Path `countryAddress` is required., lastName: Path `lastName` is required., firstName: Path `firstName` is required., userName: Path `userName` is required.","stack":"ValidationError: user validation failed: password: Path `password` is required., stateAddress: Path `stateAddress` is required., countryAddress: Path `countryAddress` is required., lastName: Path `lastName` is required., firstName: Path `firstName` is required., userName: Path `userName` is required.\n    at Document.invalidate (C:\\Users\\Javier\\Documents\\proyectos\\e-commerce\\back\\node_modules\\mongoose\\lib\\document.js:3187:32)\n    at C:\\Users\\Javier\\Documents\\proyectos\\e-commerce\\back\\node_modules\\mongoose\\lib\\document.js:2980:17\n    at C:\\Users\\Javier\\Documents\\proyectos\\e-commerce\\back\\node_modules\\mongoose\\lib\\schemaType.js:1368:9\n    at process.processTicksAndRejections (node:internal/process/task_queues:77:11)"}
{"_message":"user validation failed","errors":{"password":{"kind":"user defined","message":"temporal The password must be at least 8 characters and contain numbers, upper and lower case letters, and special characters.","name":"ValidatorError","path":"password","properties":{"message":"temporal The password must be at least 8 characters and contain numbers, upper and lower case letters, and special characters.","path":"password","type":"user defined","value":"temporal"},"value":"temporal"}},"level":"error","message":"controller error: user validation failed: password: temporal The password must be at least 8 characters and contain numbers, upper and lower case letters, and special characters.","stack":"ValidationError: user validation failed: password: temporal The password must be at least 8 characters and contain numbers, upper and lower case letters, and special characters.\n    at Document.invalidate (C:\\Users\\Javier\\Documents\\proyectos\\e-commerce\\back\\node_modules\\mongoose\\lib\\document.js:3187:32)\n    at C:\\Users\\Javier\\Documents\\proyectos\\e-commerce\\back\\node_modules\\mongoose\\lib\\document.js:2980:17\n    at C:\\Users\\Javier\\Documents\\proyectos\\e-commerce\\back\\node_modules\\mongoose\\lib\\schemaType.js:1368:9\n    at process.processTicksAndRejections (node:internal/process/task_queues:77:11)"}
{"_message":"user validation failed","errors":{"password":{"kind":"user defined","message":"temporal The password must be at least 8 characters and contain numbers, upper and lower case letters, and special characters.","name":"ValidatorError","path":"password","properties":{"message":"temporal The password must be at least 8 characters and contain numbers, upper and lower case letters, and special characters.","path":"password","type":"user defined","value":"temporal"},"value":"temporal"}},"level":"error","message":"controller error: user validation failed: password: temporal The password must be at least 8 characters and contain numbers, upper and lower case letters, and special characters.","stack":"ValidationError: user validation failed: password: temporal The password must be at least 8 characters and contain numbers, upper and lower case letters, and special characters.\n    at Document.invalidate (C:\\Users\\Javier\\Documents\\proyectos\\e-commerce\\back\\node_modules\\mongoose\\lib\\document.js:3187:32)\n    at C:\\Users\\Javier\\Documents\\proyectos\\e-commerce\\back\\node_modules\\mongoose\\lib\\document.js:2980:17\n    at C:\\Users\\Javier\\Documents\\proyectos\\e-commerce\\back\\node_modules\\mongoose\\lib\\schemaType.js:1368:9\n    at process.processTicksAndRejections (node:internal/process/task_queues:77:11)"}
{"_message":"user validation failed","errors":{"countryAddress":{"kind":"required","message":"Path `countryAddress` is required.","name":"ValidatorError","path":"countryAddress","properties":{"message":"Path `countryAddress` is required.","path":"countryAddress","type":"required"}},"firstName":{"kind":"required","message":"Path `firstName` is required.","name":"ValidatorError","path":"firstName","properties":{"message":"Path `firstName` is required.","path":"firstName","type":"required"}},"lastName":{"kind":"required","message":"Path `lastName` is required.","name":"ValidatorError","path":"lastName","properties":{"message":"Path `lastName` is required.","path":"lastName","type":"required"}},"password":{"kind":"required","message":"Path `password` is required.","name":"ValidatorError","path":"password","properties":{"message":"Path `password` is required.","path":"password","type":"required"}},"stateAddress":{"kind":"required","message":"Path `stateAddress` is required.","name":"ValidatorError","path":"stateAddress","properties":{"message":"Path `stateAddress` is required.","path":"stateAddress","type":"required"}},"userName":{"kind":"required","message":"Path `userName` is required.","name":"ValidatorError","path":"userName","properties":{"message":"Path `userName` is required.","path":"userName","type":"required"}}},"level":"error","message":"controller error: user validation failed: password: Path `password` is required., stateAddress: Path `stateAddress` is required., countryAddress: Path `countryAddress` is required., lastName: Path `lastName` is required., firstName: Path `firstName` is required., userName: Path `userName` is required.","stack":"ValidationError: user validation failed: password: Path `password` is required., stateAddress: Path `stateAddress` is required., countryAddress: Path `countryAddress` is required., lastName: Path `lastName` is required., firstName: Path `firstName` is required., userName: Path `userName` is required.\n    at Document.invalidate (C:\\Users\\Javier\\Documents\\proyectos\\e-commerce\\back\\node_modules\\mongoose\\lib\\document.js:3187:32)\n    at C:\\Users\\Javier\\Documents\\proyectos\\e-commerce\\back\\node_modules\\mongoose\\lib\\document.js:2980:17\n    at C:\\Users\\Javier\\Documents\\proyectos\\e-commerce\\back\\node_modules\\mongoose\\lib\\schemaType.js:1368:9\n    at process.processTicksAndRejections (node:internal/process/task_queues:77:11)"}
{"_message":"user validation failed","errors":{"countryAddress":{"kind":"required","message":"Path `countryAddress` is required.","name":"ValidatorError","path":"countryAddress","properties":{"message":"Path `countryAddress` is required.","path":"countryAddress","type":"required"}},"firstName":{"kind":"required","message":"Path `firstName` is required.","name":"ValidatorError","path":"firstName","properties":{"message":"Path `firstName` is required.","path":"firstName","type":"required"}},"lastName":{"kind":"required","message":"Path `lastName` is required.","name":"ValidatorError","path":"lastName","properties":{"message":"Path `lastName` is required.","path":"lastName","type":"required"}},"password":{"kind":"required","message":"Path `password` is required.","name":"ValidatorError","path":"password","properties":{"message":"Path `password` is required.","path":"password","type":"required"}},"stateAddress":{"kind":"required","message":"Path `stateAddress` is required.","name":"ValidatorError","path":"stateAddress","properties":{"message":"Path `stateAddress` is required.","path":"stateAddress","type":"required"}},"userName":{"kind":"required","message":"Path `userName` is required.","name":"ValidatorError","path":"userName","properties":{"message":"Path `userName` is required.","path":"userName","type":"required"}}},"level":"error","message":"controller error: user validation failed: password: Path `password` is required., stateAddress: Path `stateAddress` is required., countryAddress: Path `countryAddress` is required., lastName: Path `lastName` is required., firstName: Path `firstName` is required., userName: Path `userName` is required.","stack":"ValidationError: user validation failed: password: Path `password` is required., stateAddress: Path `stateAddress` is required., countryAddress: Path `countryAddress` is required., lastName: Path `lastName` is required., firstName: Path `firstName` is required., userName: Path `userName` is required.\n    at Document.invalidate (C:\\Users\\Javier\\Documents\\proyectos\\e-commerce\\back\\node_modules\\mongoose\\lib\\document.js:3187:32)\n    at C:\\Users\\Javier\\Documents\\proyectos\\e-commerce\\back\\node_modules\\mongoose\\lib\\document.js:2980:17\n    at C:\\Users\\Javier\\Documents\\proyectos\\e-commerce\\back\\node_modules\\mongoose\\lib\\schemaType.js:1368:9\n    at process.processTicksAndRejections (node:internal/process/task_queues:77:11)"}
{"level":"error","message":"controller error: tuDominio is not defined","stack":"ReferenceError: tuDominio is not defined\n    at createMasterAdmin (C:\\Users\\Javier\\Documents\\proyectos\\e-commerce\\back\\controllers\\InitialConfigController.js:49:75)\n    at process.processTicksAndRejections (node:internal/process/task_queues:95:5)"}
{"level":"error","message":"controller error: Un MasterAdministrator ya está registrado.","stack":"Error: Un MasterAdministrator ya está registrado.\n    at createMasterAdmin (C:\\Users\\Javier\\Documents\\proyectos\\e-commerce\\back\\controllers\\InitialConfigController.js:37:19)\n    at process.processTicksAndRejections (node:internal/process/task_queues:95:5)","statusCode":400}
{"level":"info","message":"Login attempt for userName:"}
{"level":"error","message":"Server error: invalid credentials","stack":"Error: invalid credentials\n    at loginUser (C:\\Users\\Javier\\Documents\\proyectos\\e-commerce\\back\\controllers\\AuthControllers.js:32:19)\n    at process.processTicksAndRejections (node:internal/process/task_queues:95:5)","statusCode":401}
{"level":"error","message":"controller error: Token inválido o expirado.","stack":"Error: Token inválido o expirado.\n    at activateMasterAdmin (C:\\Users\\Javier\\Documents\\proyectos\\e-commerce\\back\\controllers\\InitialConfigController.js:71:19)\n    at process.processTicksAndRejections (node:internal/process/task_queues:95:5)","statusCode":400}
{"level":"error","message":"controller error: Token inválido o expirado.","stack":"Error: Token inválido o expirado.\n    at activateMasterAdmin (C:\\Users\\Javier\\Documents\\proyectos\\e-commerce\\back\\controllers\\InitialConfigController.js:71:19)\n    at process.processTicksAndRejections (node:internal/process/task_queues:95:5)","statusCode":400}
{"level":"error","message":"controller error: Token inválido o expirado.","stack":"Error: Token inválido o expirado.\n    at activateMasterAdmin (C:\\Users\\Javier\\Documents\\proyectos\\e-commerce\\back\\controllers\\InitialConfigController.js:73:19)\n    at process.processTicksAndRejections (node:internal/process/task_queues:95:5)","statusCode":400}
{"level":"error","message":"controller error: Token inválido o expirado.","stack":"Error: Token inválido o expirado.\n    at activateMasterAdmin (C:\\Users\\Javier\\Documents\\proyectos\\e-commerce\\back\\controllers\\InitialConfigController.js:73:19)\n    at process.processTicksAndRejections (node:internal/process/task_queues:95:5)","statusCode":400}
{"level":"error","message":"controller error: Token inválido o expirado.","stack":"Error: Token inválido o expirado.\n    at activateMasterAdmin (C:\\Users\\Javier\\Documents\\proyectos\\e-commerce\\back\\controllers\\InitialConfigController.js:74:19)\n    at process.processTicksAndRejections (node:internal/process/task_queues:95:5)","statusCode":400}
{"level":"error","message":"controller error: Token inválido o expirado.","stack":"Error: Token inválido o expirado.\n    at activateMasterAdmin (C:\\Users\\Javier\\Documents\\proyectos\\e-commerce\\back\\controllers\\InitialConfigController.js:75:19)\n    at process.processTicksAndRejections (node:internal/process/task_queues:95:5)","statusCode":400}
{"level":"error","message":"controller error: Token inválido o expirado.","stack":"Error: Token inválido o expirado.\n    at activateMasterAdmin (C:\\Users\\Javier\\Documents\\proyectos\\e-commerce\\back\\controllers\\InitialConfigController.js:75:19)\n    at process.processTicksAndRejections (node:internal/process/task_queues:95:5)","statusCode":400}
{"level":"error","message":"controller error: Token inválido o expirado.","stack":"Error: Token inválido o expirado.\n    at activateMasterAdmin (C:\\Users\\Javier\\Documents\\proyectos\\e-commerce\\back\\controllers\\InitialConfigController.js:75:19)\n    at process.processTicksAndRejections (node:internal/process/task_queues:95:5)","statusCode":400}
{"level":"error","message":"controller error: Token inválido o expirado.","stack":"Error: Token inválido o expirado.\n    at activateMasterAdmin (C:\\Users\\Javier\\Documents\\proyectos\\e-commerce\\back\\controllers\\InitialConfigController.js:75:19)\n    at process.processTicksAndRejections (node:internal/process/task_queues:95:5)","statusCode":400}
{"level":"error","message":"controller error: bcrypt is not defined","stack":"ReferenceError: bcrypt is not defined\n    at activateMasterAdmin (C:\\Users\\Javier\\Documents\\proyectos\\e-commerce\\back\\controllers\\InitialConfigController.js:78:31)\n    at process.processTicksAndRejections (node:internal/process/task_queues:95:5)"}
{"level":"error","message":"controller error: bcrypt is not defined","stack":"ReferenceError: bcrypt is not defined\n    at activateMasterAdmin (C:\\Users\\Javier\\Documents\\proyectos\\e-commerce\\back\\controllers\\InitialConfigController.js:78:31)\n    at process.processTicksAndRejections (node:internal/process/task_queues:95:5)"}
{"level":"info","message":"Login attempt for userName:"}
{"level":"error","message":"Server error: invalid credentials","stack":"Error: invalid credentials\n    at loginUser (C:\\Users\\Javier\\Documents\\proyectos\\e-commerce\\back\\controllers\\AuthControllers.js:32:19)\n    at process.processTicksAndRejections (node:internal/process/task_queues:95:5)","statusCode":401}
{"code":"EAUTH","command":"AUTH PLAIN","level":"error","message":"controller error: Invalid login: 535 5.7.0 Invalid credentials","response":"535 5.7.0 Invalid credentials","responseCode":535,"stack":"Error: Invalid login: 535 5.7.0 Invalid credentials\n    at SMTPConnection._formatError (C:\\Users\\Javier\\Documents\\proyectos\\e-commerce\\back\\node_modules\\nodemailer\\lib\\smtp-connection\\index.js:790:19)\n    at SMTPConnection._actionAUTHComplete (C:\\Users\\Javier\\Documents\\proyectos\\e-commerce\\back\\node_modules\\nodemailer\\lib\\smtp-connection\\index.js:1564:34)\n    at SMTPConnection.<anonymous> (C:\\Users\\Javier\\Documents\\proyectos\\e-commerce\\back\\node_modules\\nodemailer\\lib\\smtp-connection\\index.js:546:26)\n    at SMTPConnection._processResponse (C:\\Users\\Javier\\Documents\\proyectos\\e-commerce\\back\\node_modules\\nodemailer\\lib\\smtp-connection\\index.js:969:20)\n    at SMTPConnection._onData (C:\\Users\\Javier\\Documents\\proyectos\\e-commerce\\back\\node_modules\\nodemailer\\lib\\smtp-connection\\index.js:755:14)\n    at SMTPConnection._onSocketData (C:\\Users\\Javier\\Documents\\proyectos\\e-commerce\\back\\node_modules\\nodemailer\\lib\\smtp-connection\\index.js:193:44)\n    at TLSSocket.emit (node:events:514:28)\n    at addChunk (node:internal/streams/readable:545:12)\n    at readableAddChunkPushByteMode (node:internal/streams/readable:495:3)\n    at Readable.push (node:internal/streams/readable:375:5)"}
{"level":"error","message":"controller error: Un MasterAdministrator ya está registrado.","stack":"Error: Un MasterAdministrator ya está registrado.\n    at createMasterAdmin (C:\\Users\\Javier\\Documents\\proyectos\\e-commerce\\back\\controllers\\InitialConfigController.js:36:19)\n    at process.processTicksAndRejections (node:internal/process/task_queues:95:5)","statusCode":400}
{"level":"error","message":"controller error: Un MasterAdministrator ya está registrado.","stack":"Error: Un MasterAdministrator ya está registrado.\n    at createMasterAdmin (C:\\Users\\Javier\\Documents\\proyectos\\e-commerce\\back\\controllers\\InitialConfigController.js:36:19)\n    at process.processTicksAndRejections (node:internal/process/task_queues:95:5)","statusCode":400}
{"level":"error","message":"controller error: Un MasterAdministrator ya está registrado.","stack":"Error: Un MasterAdministrator ya está registrado.\n    at createMasterAdmin (C:\\Users\\Javier\\Documents\\proyectos\\e-commerce\\back\\controllers\\InitialConfigController.js:36:19)\n    at process.processTicksAndRejections (node:internal/process/task_queues:95:5)","statusCode":400}
{"level":"error","message":"controller error: Token inválido o expirado.","stack":"Error: Token inválido o expirado.\n    at activateMasterAdmin (C:\\Users\\Javier\\Documents\\proyectos\\e-commerce\\back\\controllers\\InitialConfigController.js:74:19)\n    at process.processTicksAndRejections (node:internal/process/task_queues:95:5)","statusCode":400}
{"level":"error","message":"controller error: Token inválido o expirado.","stack":"Error: Token inválido o expirado.\n    at activateMasterAdmin (C:\\Users\\Javier\\Documents\\proyectos\\e-commerce\\back\\controllers\\InitialConfigController.js:74:19)\n    at process.processTicksAndRejections (node:internal/process/task_queues:95:5)","statusCode":400}
{"level":"error","message":"createMasterAdmin error: \"verification\" is not allowed","stack":"Error: \"verification\" is not allowed\n    at createMasterAdmin (C:\\Users\\Javier\\Documents\\proyectos\\e-commerce\\back\\controllers\\InitialConfigController.js:40:19)\n    at Layer.handle [as handle_request] (C:\\Users\\Javier\\Documents\\proyectos\\e-commerce\\back\\node_modules\\express\\lib\\router\\layer.js:95:5)\n    at next (C:\\Users\\Javier\\Documents\\proyectos\\e-commerce\\back\\node_modules\\express\\lib\\router\\route.js:144:13)\n    at Route.dispatch (C:\\Users\\Javier\\Documents\\proyectos\\e-commerce\\back\\node_modules\\express\\lib\\router\\route.js:114:3)\n    at Layer.handle [as handle_request] (C:\\Users\\Javier\\Documents\\proyectos\\e-commerce\\back\\node_modules\\express\\lib\\router\\layer.js:95:5)\n    at C:\\Users\\Javier\\Documents\\proyectos\\e-commerce\\back\\node_modules\\express\\lib\\router\\index.js:284:15\n    at Function.process_params (C:\\Users\\Javier\\Documents\\proyectos\\e-commerce\\back\\node_modules\\express\\lib\\router\\index.js:346:12)\n    at next (C:\\Users\\Javier\\Documents\\proyectos\\e-commerce\\back\\node_modules\\express\\lib\\router\\index.js:280:10)\n    at Function.handle (C:\\Users\\Javier\\Documents\\proyectos\\e-commerce\\back\\node_modules\\express\\lib\\router\\index.js:175:3)\n    at router (C:\\Users\\Javier\\Documents\\proyectos\\e-commerce\\back\\node_modules\\express\\lib\\router\\index.js:47:12)","statusCode":400}
{"level":"error","message":"controller error: \"verification\" is not allowed","stack":"Error: \"verification\" is not allowed\n    at createMasterAdmin (C:\\Users\\Javier\\Documents\\proyectos\\e-commerce\\back\\controllers\\InitialConfigController.js:40:19)\n    at Layer.handle [as handle_request] (C:\\Users\\Javier\\Documents\\proyectos\\e-commerce\\back\\node_modules\\express\\lib\\router\\layer.js:95:5)\n    at next (C:\\Users\\Javier\\Documents\\proyectos\\e-commerce\\back\\node_modules\\express\\lib\\router\\route.js:144:13)\n    at Route.dispatch (C:\\Users\\Javier\\Documents\\proyectos\\e-commerce\\back\\node_modules\\express\\lib\\router\\route.js:114:3)\n    at Layer.handle [as handle_request] (C:\\Users\\Javier\\Documents\\proyectos\\e-commerce\\back\\node_modules\\express\\lib\\router\\layer.js:95:5)\n    at C:\\Users\\Javier\\Documents\\proyectos\\e-commerce\\back\\node_modules\\express\\lib\\router\\index.js:284:15\n    at Function.process_params (C:\\Users\\Javier\\Documents\\proyectos\\e-commerce\\back\\node_modules\\express\\lib\\router\\index.js:346:12)\n    at next (C:\\Users\\Javier\\Documents\\proyectos\\e-commerce\\back\\node_modules\\express\\lib\\router\\index.js:280:10)\n    at Function.handle (C:\\Users\\Javier\\Documents\\proyectos\\e-commerce\\back\\node_modules\\express\\lib\\router\\index.js:175:3)\n    at router (C:\\Users\\Javier\\Documents\\proyectos\\e-commerce\\back\\node_modules\\express\\lib\\router\\index.js:47:12)","statusCode":400}
{"level":"error","message":"createMasterAdmin error: A Master Administrator is already registered.","stack":"Error: A Master Administrator is already registered.\n    at createMasterAdmin (C:\\Users\\Javier\\Documents\\proyectos\\e-commerce\\back\\controllers\\InitialConfigController.js:46:19)\n    at process.processTicksAndRejections (node:internal/process/task_queues:95:5)","statusCode":400}
{"level":"error","message":"controller error: A Master Administrator is already registered.","stack":"Error: A Master Administrator is already registered.\n    at createMasterAdmin (C:\\Users\\Javier\\Documents\\proyectos\\e-commerce\\back\\controllers\\InitialConfigController.js:46:19)\n    at process.processTicksAndRejections (node:internal/process/task_queues:95:5)","statusCode":400}
{"level":"info","message":"Login attempt for userName:"}
{"level":"info","message":"User found. Comparing passwords..."}
{"level":"error","message":"Server error: invalid credentials","stack":"Error: invalid credentials\n    at loginUser (C:\\Users\\Javier\\Documents\\proyectos\\e-commerce\\back\\controllers\\AuthControllers.js:55:19)\n    at process.processTicksAndRejections (node:internal/process/task_queues:95:5)","statusCode":401}
{"level":"info","message":"Login attempt for userName:"}
{"level":"info","message":"User found. Comparing passwords..."}
{"level":"error","message":"Server error: invalid credentials","stack":"Error: invalid credentials\n    at loginUser (C:\\Users\\Javier\\Documents\\proyectos\\e-commerce\\back\\controllers\\AuthControllers.js:55:19)\n    at process.processTicksAndRejections (node:internal/process/task_queues:95:5)","statusCode":401}
